<?xml version="1.0" encoding="UTF-8"?>
<!-- Generated by org.testng.reporters.JUnitXMLReporter -->
<testsuite hostname="DESKTOP-PTK84VK" ignored="0" name="Default test" tests="7" failures="0" timestamp="2021-06-14T01:53:34 IST" time="40.57" errors="0">
  <testcase name="CorrectUnameCorrectPwd" time="20.387" classname="testCase.DashboardTest"/>
  <testcase name="dashboardmenucheck" time="2.744" classname="testCase.DashboardTest"/>
  <testcase name="incomeVSExpensecheck" time="0.308" classname="testCase.DashboardTest"/>
  <testcase name="scrollDown" time="2.246" classname="testCase.DashboardTest"/>
  <testcase name="scrollUp" time="0.047" classname="testCase.DashboardTest"/>
  <testcase name="scrollDownpixel" time="0.01" classname="testCase.DashboardTest"/>
  <testcase name="scrollUppixel" time="0.015" classname="testCase.DashboardTest"/>
</testsuite> <!-- Default test -->
