<?xml version="1.0" encoding="UTF-8"?>
<!-- Generated by org.testng.reporters.JUnitXMLReporter -->
<testsuite hostname="DESKTOP-PTK84VK" ignored="0" name="Default test" tests="3" failures="0" timestamp="2021-06-06T01:44:23 IST" time="42.248" errors="0">
  <testcase name="CorrectUnameCorrectPwd" time="17.78" classname="testCase.ProjectsTest"/>
  <testcase name="projectmenucheck" time="6.149" classname="testCase.ProjectsTest"/>
  <testcase name="addproject" time="4.318" classname="testCase.ProjectsTest"/>
</testsuite> <!-- Default test -->
